<?xml version="1.0" encoding="UTF-8"?>
<testsuite name="com.aor.numbers.ListSorterTest" tests="2" skipped="0" failures="0" errors="0" timestamp="2023-10-20T23:08:49" hostname="DESKTOP-NKJJ79O" time="0.002">
  <properties/>
  <testcase name="bug_8726_sort()" classname="com.aor.numbers.ListSorterTest" time="0.001"/>
  <testcase name="sort()" classname="com.aor.numbers.ListSorterTest" time="0.0"/>
  <system-out><![CDATA[]]></system-out>
  <system-err><![CDATA[]]></system-err>
</testsuite>
