<?xml version="1.0" encoding="UTF-8"?>
<testsuite name="com.aor.numbers.ListAggregatorTest" tests="8" skipped="0" failures="0" errors="0" timestamp="2023-10-20T10:11:54" hostname="DESKTOP-NKJJ79O" time="0.025">
  <properties/>
  <testcase name="bug_7263()" classname="com.aor.numbers.ListAggregatorTest" time="0.013"/>
  <testcase name="bug_8726()" classname="com.aor.numbers.ListAggregatorTest" time="0.002"/>
  <testcase name="bug_8726_sort()" classname="com.aor.numbers.ListAggregatorTest" time="0.002"/>
  <testcase name="max()" classname="com.aor.numbers.ListAggregatorTest" time="0.001"/>
  <testcase name="min()" classname="com.aor.numbers.ListAggregatorTest" time="0.0"/>
  <testcase name="sum()" classname="com.aor.numbers.ListAggregatorTest" time="0.0"/>
  <testcase name="distinct()" classname="com.aor.numbers.ListAggregatorTest" time="0.0"/>
  <testcase name="bug_8726_deduplicate()" classname="com.aor.numbers.ListAggregatorTest" time="0.0"/>
  <system-out><![CDATA[]]></system-out>
  <system-err><![CDATA[]]></system-err>
</testsuite>
