<?xml version="1.0" encoding="UTF-8"?>
<testsuite name="com.aor.numbers.PositiveFilterTest" tests="1" skipped="0" failures="0" errors="0" timestamp="2023-10-20T23:42:40" hostname="DESKTOP-NKJJ79O" time="0.0">
  <properties/>
  <testcase name="positive()" classname="com.aor.numbers.PositiveFilterTest" time="0.0"/>
  <system-out><![CDATA[]]></system-out>
  <system-err><![CDATA[]]></system-err>
</testsuite>
