<?xml version="1.0" encoding="UTF-8"?>
<testsuite name="com.aor.numbers.DivisibleByFilterTest" tests="1" skipped="0" failures="0" errors="0" timestamp="2023-10-20T23:44:34" hostname="DESKTOP-NKJJ79O" time="0.011">
  <properties/>
  <testcase name="divisible()" classname="com.aor.numbers.DivisibleByFilterTest" time="0.011"/>
  <system-out><![CDATA[]]></system-out>
  <system-err><![CDATA[]]></system-err>
</testsuite>
