<?xml version="1.0" encoding="UTF-8"?>
<testsuite name="com.aor.numbers.ListAggregatorTest" tests="7" skipped="0" failures="0" errors="0" timestamp="2023-10-20T23:44:34" hostname="DESKTOP-NKJJ79O" time="0.256">
  <properties/>
  <testcase name="bug_7263()" classname="com.aor.numbers.ListAggregatorTest" time="0.002"/>
  <testcase name="bug_8726()" classname="com.aor.numbers.ListAggregatorTest" time="0.245"/>
  <testcase name="pitest_1()" classname="com.aor.numbers.ListAggregatorTest" time="0.001"/>
  <testcase name="max()" classname="com.aor.numbers.ListAggregatorTest" time="0.0"/>
  <testcase name="min()" classname="com.aor.numbers.ListAggregatorTest" time="0.001"/>
  <testcase name="sum()" classname="com.aor.numbers.ListAggregatorTest" time="0.001"/>
  <testcase name="distinct()" classname="com.aor.numbers.ListAggregatorTest" time="0.002"/>
  <system-out><![CDATA[]]></system-out>
  <system-err><![CDATA[]]></system-err>
</testsuite>
