<?xml version="1.0" encoding="UTF-8"?>
<testsuite name="com.aor.numbers.ListFiltererTest" tests="2" skipped="0" failures="0" errors="0" timestamp="2023-10-20T23:08:49" hostname="DESKTOP-NKJJ79O" time="0.004">
  <properties/>
  <testcase name="divisible()" classname="com.aor.numbers.ListFiltererTest" time="0.002"/>
  <testcase name="positive()" classname="com.aor.numbers.ListFiltererTest" time="0.001"/>
  <system-out><![CDATA[]]></system-out>
  <system-err><![CDATA[]]></system-err>
</testsuite>
